This is XeTeX, Version 3.141592653-2.6-0.999995 (TeX Live 2023) (preloaded format=xelatex 2023.9.1)  1 SEP 2023 13:19
entering extended mode
 \write18 enabled.
 %&-line parsing enabled.
**/Users/xiangyun/Documents/awesome-beamers/Slide-TorinoTh/slide.tex
(/Users/xiangyun/Documents/awesome-beamers/Slide-TorinoTh/slide.tex
LaTeX2e <2023-06-01> patch level 1
L3 programming layer <2023-08-29>
(/Users/xiangyun/Library/TinyTeX/texmf-dist/tex/latex/beamer/beamer.cls
Document Class: beamer 2023/05/15 v3.70 A class for typesetting presentations
(/Users/xiangyun/Library/TinyTeX/texmf-dist/tex/latex/beamer/beamerbasemodes.sty (/Users/xiangyun/Library/TinyTeX/texmf-dist/tex/latex/etoolbox/etoolbox.sty
Package: etoolbox 2020/10/05 v2.5k e-TeX tools for LaTeX (JAW)
\etb@tempcnta=\count181
)
\beamer@tempbox=\box51
\beamer@tempcount=\count182
\c@beamerpauses=\count183
(/Users/xiangyun/Library/TinyTeX/texmf-dist/tex/latex/beamer/beamerbasedecode.sty
\beamer@slideinframe=\count184
\beamer@minimum=\count185
\beamer@decode@box=\box52
)
\beamer@commentbox=\box53
\beamer@modecount=\count186
) (/Users/xiangyun/Library/TinyTeX/texmf-dist/tex/generic/iftex/iftex.sty
Package: iftex 2022/02/03 v1.0f TeX engine tests
)
\headdp=\dimen140
\footheight=\dimen141
\sidebarheight=\dimen142
\beamer@tempdim=\dimen143
\beamer@finalheight=\dimen144
\beamer@animht=\dimen145
\beamer@animdp=\dimen146
\beamer@animwd=\dimen147
\beamer@leftmargin=\dimen148
\beamer@rightmargin=\dimen149
\beamer@leftsidebar=\dimen150
\beamer@rightsidebar=\dimen151
\beamer@boxsize=\dimen152
\beamer@vboxoffset=\dimen153
\beamer@descdefault=\dimen154
\beamer@descriptionwidth=\dimen155
\beamer@lastskip=\skip48
\beamer@areabox=\box54
\beamer@animcurrent=\box55
\beamer@animshowbox=\box56
\beamer@sectionbox=\box57
\beamer@logobox=\box58
\beamer@linebox=\box59
\beamer@sectioncount=\count187
\beamer@subsubsectionmax=\count188
\beamer@subsectionmax=\count189
\beamer@sectionmax=\count190
\beamer@totalheads=\count191
\beamer@headcounter=\count192
\beamer@partstartpage=\count193
\beamer@sectionstartpage=\count194
\beamer@subsectionstartpage=\count195
\beamer@animationtempa=\count196
\beamer@animationtempb=\count197
\beamer@xpos=\count198
\beamer@ypos=\count199
\beamer@ypos@offset=\count266
\beamer@showpartnumber=\count267
\beamer@currentsubsection=\count268
\beamer@coveringdepth=\count269
\beamer@sectionadjust=\count270
\beamer@toclastsection=\count271
\beamer@tocsectionnumber=\count272
(/Users/xiangyun/Library/TinyTeX/texmf-dist/tex/latex/beamer/beamerbaseoptions.sty (/Users/xiangyun/Library/TinyTeX/texmf-dist/tex/latex/graphics/keyval.sty
Package: keyval 2022/05/29 v1.15 key=value parser (DPC)
\KV@toks@=\toks17
))
\beamer@paperwidth=\skip49
\beamer@paperheight=\skip50
(/Users/xiangyun/Library/TinyTeX/texmf-dist/tex/latex/geometry/geometry.sty
Package: geometry 2020/01/02 v5.9 Page Geometry
(/Users/xiangyun/Library/TinyTeX/texmf-dist/tex/generic/iftex/ifvtex.sty
Package: ifvtex 2019/10/25 v1.7 ifvtex legacy package. Use iftex instead.
)
\Gm@cnth=\count273
\Gm@cntv=\count274
\c@Gm@tempcnt=\count275
\Gm@bindingoffset=\dimen156
\Gm@wd@mp=\dimen157
\Gm@odd@mp=\dimen158
\Gm@even@mp=\dimen159
\Gm@layoutwidth=\dimen160
\Gm@layoutheight=\dimen161
\Gm@layouthoffset=\dimen162
\Gm@layoutvoffset=\dimen163
\Gm@dimlist=\toks18
) (/Users/xiangyun/Library/TinyTeX/texmf-dist/tex/latex/pgf/math/pgfmath.sty (/Users/xiangyun/Library/TinyTeX/texmf-dist/tex/latex/pgf/utilities/pgfrcs.sty (/Users/xiangyun/Library/TinyTeX/texmf-dist/tex/generic/pgf/utilities/pgfutil-common.tex
\pgfutil@everybye=\toks19
\pgfutil@tempdima=\dimen164
\pgfutil@tempdimb=\dimen165
) (/Users/xiangyun/Library/TinyTeX/texmf-dist/tex/generic/pgf/utilities/pgfutil-latex.def
\pgfutil@abb=\box60
) (/Users/xiangyun/Library/TinyTeX/texmf-dist/tex/generic/pgf/utilities/pgfrcs.code.tex (/Users/xiangyun/Library/TinyTeX/texmf-dist/tex/generic/pgf/pgf.revision.tex)
Package: pgfrcs 2023-01-15 v3.1.10 (3.1.10)
)) (/Users/xiangyun/Library/TinyTeX/texmf-dist/tex/latex/pgf/utilities/pgfkeys.sty (/Users/xiangyun/Library/TinyTeX/texmf-dist/tex/generic/pgf/utilities/pgfkeys.code.tex
\pgfkeys@pathtoks=\toks20
\pgfkeys@temptoks=\toks21
(/Users/xiangyun/Library/TinyTeX/texmf-dist/tex/generic/pgf/utilities/pgfkeyslibraryfiltered.code.tex
\pgfkeys@tmptoks=\toks22
))) (/Users/xiangyun/Library/TinyTeX/texmf-dist/tex/generic/pgf/math/pgfmath.code.tex (/Users/xiangyun/Library/TinyTeX/texmf-dist/tex/generic/pgf/math/pgfmathutil.code.tex
\pgf@x=\dimen166
\pgf@xa=\dimen167
\pgf@xb=\dimen168
\pgf@xc=\dimen169
\pgf@y=\dimen170
\pgf@ya=\dimen171
\pgf@yb=\dimen172
\pgf@yc=\dimen173
\c@pgf@counta=\count276
\c@pgf@countb=\count277
\c@pgf@countc=\count278
\c@pgf@countd=\count279
) (/Users/xiangyun/Library/TinyTeX/texmf-dist/tex/generic/pgf/math/pgfmathparser.code.tex
\pgfmath@dimen=\dimen174
\pgfmath@count=\count280
\pgfmath@box=\box61
\pgfmath@toks=\toks23
\pgfmath@stack@operand=\toks24
\pgfmath@stack@operation=\toks25
) (/Users/xiangyun/Library/TinyTeX/texmf-dist/tex/generic/pgf/math/pgfmathfunctions.code.tex) (/Users/xiangyun/Library/TinyTeX/texmf-dist/tex/generic/pgf/math/pgfmathfunctions.basic.code.tex) (/Users/xiangyun/Library/TinyTeX/texmf-dist/tex/generic/pgf/math/pgfmathfunctions.trigonometric.code.tex) (/Users/xiangyun/Library/TinyTeX/texmf-dist/tex/generic/pgf/math/pgfmathfunctions.random.code.tex) (/Users/xiangyun/Library/TinyTeX/texmf-dist/tex/generic/pgf/math/pgfmathfunctions.comparison.code.tex) (/Users/xiangyun/Library/TinyTeX/texmf-dist/tex/generic/pgf/math/pgfmathfunctions.base.code.tex) (/Users/xiangyun/Library/TinyTeX/texmf-dist/tex/generic/pgf/math/pgfmathfunctions.round.code.tex) (/Users/xiangyun/Library/TinyTeX/texmf-dist/tex/generic/pgf/math/pgfmathfunctions.misc.code.tex) (/Users/xiangyun/Library/TinyTeX/texmf-dist/tex/generic/pgf/math/pgfmathfunctions.integerarithmetics.code.tex) (/Users/xiangyun/Library/TinyTeX/texmf-dist/tex/generic/pgf/math/pgfmathcalc.code.tex) (/Users/xiangyun/Library/TinyTeX/texmf-dist/tex/generic/pgf/math/pgfmathfloat.code.tex
\c@pgfmathroundto@lastzeros=\count281
))) (/Users/xiangyun/Library/TinyTeX/texmf-dist/tex/latex/base/size11.clo
File: size11.clo 2023/05/17 v1.4n Standard LaTeX file (size option)
) (/Users/xiangyun/Library/TinyTeX/texmf-dist/tex/latex/pgf/basiclayer/pgfcore.sty (/Users/xiangyun/Library/TinyTeX/texmf-dist/tex/latex/graphics/graphicx.sty
Package: graphicx 2021/09/16 v1.2d Enhanced LaTeX Graphics (DPC,SPQR)
(/Users/xiangyun/Library/TinyTeX/texmf-dist/tex/latex/graphics/graphics.sty
Package: graphics 2022/03/10 v1.4e Standard LaTeX Graphics (DPC,SPQR)
(/Users/xiangyun/Library/TinyTeX/texmf-dist/tex/latex/graphics/trig.sty
Package: trig 2021/08/11 v1.11 sin cos tan (DPC)
) (/Users/xiangyun/Library/TinyTeX/texmf-dist/tex/latex/graphics-cfg/graphics.cfg
File: graphics.cfg 2016/06/04 v1.11 sample graphics configuration
)
Package graphics Info: Driver file: xetex.def on input line 107.
(/Users/xiangyun/Library/TinyTeX/texmf-dist/tex/latex/graphics-def/xetex.def
File: xetex.def 2022/09/22 v5.0n Graphics/color driver for xetex
))
\Gin@req@height=\dimen175
\Gin@req@width=\dimen176
) (/Users/xiangyun/Library/TinyTeX/texmf-dist/tex/latex/pgf/systemlayer/pgfsys.sty (/Users/xiangyun/Library/TinyTeX/texmf-dist/tex/generic/pgf/systemlayer/pgfsys.code.tex
Package: pgfsys 2023-01-15 v3.1.10 (3.1.10)
\pgf@x=\dimen177
\pgf@y=\dimen178
\pgf@xa=\dimen179
\pgf@ya=\dimen180
\pgf@xb=\dimen181
\pgf@yb=\dimen182
\pgf@xc=\dimen183
\pgf@yc=\dimen184
\pgf@xd=\dimen185
\pgf@yd=\dimen186
\w@pgf@writea=\write3
\r@pgf@reada=\read2
\c@pgf@counta=\count282
\c@pgf@countb=\count283
\c@pgf@countc=\count284
\c@pgf@countd=\count285
\t@pgf@toka=\toks26
\t@pgf@tokb=\toks27
\t@pgf@tokc=\toks28
\pgf@sys@id@count=\count286
(/Users/xiangyun/Library/TinyTeX/texmf-dist/tex/generic/pgf/systemlayer/pgf.cfg
File: pgf.cfg 2023-01-15 v3.1.10 (3.1.10)
)
Driver file for pgf: pgfsys-xetex.def
(/Users/xiangyun/Library/TinyTeX/texmf-dist/tex/generic/pgf/systemlayer/pgfsys-xetex.def
File: pgfsys-xetex.def 2023-01-15 v3.1.10 (3.1.10)
(/Users/xiangyun/Library/TinyTeX/texmf-dist/tex/generic/pgf/systemlayer/pgfsys-dvipdfmx.def
File: pgfsys-dvipdfmx.def 2023-01-15 v3.1.10 (3.1.10)
(/Users/xiangyun/Library/TinyTeX/texmf-dist/tex/generic/pgf/systemlayer/pgfsys-common-pdf.def
File: pgfsys-common-pdf.def 2023-01-15 v3.1.10 (3.1.10)
)
\pgfsys@objnum=\count287
))) (/Users/xiangyun/Library/TinyTeX/texmf-dist/tex/generic/pgf/systemlayer/pgfsyssoftpath.code.tex
File: pgfsyssoftpath.code.tex 2023-01-15 v3.1.10 (3.1.10)
\pgfsyssoftpath@smallbuffer@items=\count288
\pgfsyssoftpath@bigbuffer@items=\count289
) (/Users/xiangyun/Library/TinyTeX/texmf-dist/tex/generic/pgf/systemlayer/pgfsysprotocol.code.tex
File: pgfsysprotocol.code.tex 2023-01-15 v3.1.10 (3.1.10)
)) (/Users/xiangyun/Library/TinyTeX/texmf-dist/tex/latex/xcolor/xcolor.sty
Package: xcolor 2022/06/12 v2.14 LaTeX color extensions (UK)
(/Users/xiangyun/Library/TinyTeX/texmf-dist/tex/latex/graphics-cfg/color.cfg
File: color.cfg 2016/01/02 v1.6 sample color configuration
)
Package xcolor Info: Driver file: xetex.def on input line 227.
(/Users/xiangyun/Library/TinyTeX/texmf-dist/tex/latex/graphics/mathcolor.ltx)
Package xcolor Info: Model `cmy' substituted by `cmy0' on input line 1353.
Package xcolor Info: Model `RGB' extended on input line 1369.
Package xcolor Info: Model `HTML' substituted by `rgb' on input line 1371.
Package xcolor Info: Model `Hsb' substituted by `hsb' on input line 1372.
Package xcolor Info: Model `tHsb' substituted by `hsb' on input line 1373.
Package xcolor Info: Model `HSB' substituted by `hsb' on input line 1374.
Package xcolor Info: Model `Gray' substituted by `gray' on input line 1375.
Package xcolor Info: Model `wave' substituted by `hsb' on input line 1376.
) (/Users/xiangyun/Library/TinyTeX/texmf-dist/tex/generic/pgf/basiclayer/pgfcore.code.tex
Package: pgfcore 2023-01-15 v3.1.10 (3.1.10)
(/Users/xiangyun/Library/TinyTeX/texmf-dist/tex/generic/pgf/math/pgfint.code.tex) (/Users/xiangyun/Library/TinyTeX/texmf-dist/tex/generic/pgf/basiclayer/pgfcorepoints.code.tex
File: pgfcorepoints.code.tex 2023-01-15 v3.1.10 (3.1.10)
\pgf@picminx=\dimen187
\pgf@picmaxx=\dimen188
\pgf@picminy=\dimen189
\pgf@picmaxy=\dimen190
\pgf@pathminx=\dimen191
\pgf@pathmaxx=\dimen192
\pgf@pathminy=\dimen193
\pgf@pathmaxy=\dimen194
\pgf@xx=\dimen195
\pgf@xy=\dimen196
\pgf@yx=\dimen197
\pgf@yy=\dimen198
\pgf@zx=\dimen199
\pgf@zy=\dimen256
) (/Users/xiangyun/Library/TinyTeX/texmf-dist/tex/generic/pgf/basiclayer/pgfcorepathconstruct.code.tex
File: pgfcorepathconstruct.code.tex 2023-01-15 v3.1.10 (3.1.10)
\pgf@path@lastx=\dimen257
\pgf@path@lasty=\dimen258
) (/Users/xiangyun/Library/TinyTeX/texmf-dist/tex/generic/pgf/basiclayer/pgfcorepathusage.code.tex
File: pgfcorepathusage.code.tex 2023-01-15 v3.1.10 (3.1.10)
\pgf@shorten@end@additional=\dimen259
\pgf@shorten@start@additional=\dimen260
) (/Users/xiangyun/Library/TinyTeX/texmf-dist/tex/generic/pgf/basiclayer/pgfcorescopes.code.tex
File: pgfcorescopes.code.tex 2023-01-15 v3.1.10 (3.1.10)
\pgfpic=\box62
\pgf@hbox=\box63
\pgf@layerbox@main=\box64
\pgf@picture@serial@count=\count290
) (/Users/xiangyun/Library/TinyTeX/texmf-dist/tex/generic/pgf/basiclayer/pgfcoregraphicstate.code.tex
File: pgfcoregraphicstate.code.tex 2023-01-15 v3.1.10 (3.1.10)
\pgflinewidth=\dimen261
) (/Users/xiangyun/Library/TinyTeX/texmf-dist/tex/generic/pgf/basiclayer/pgfcoretransformations.code.tex
File: pgfcoretransformations.code.tex 2023-01-15 v3.1.10 (3.1.10)
\pgf@pt@x=\dimen262
\pgf@pt@y=\dimen263
\pgf@pt@temp=\dimen264
) (/Users/xiangyun/Library/TinyTeX/texmf-dist/tex/generic/pgf/basiclayer/pgfcorequick.code.tex
File: pgfcorequick.code.tex 2023-01-15 v3.1.10 (3.1.10)
) (/Users/xiangyun/Library/TinyTeX/texmf-dist/tex/generic/pgf/basiclayer/pgfcoreobjects.code.tex
File: pgfcoreobjects.code.tex 2023-01-15 v3.1.10 (3.1.10)
) (/Users/xiangyun/Library/TinyTeX/texmf-dist/tex/generic/pgf/basiclayer/pgfcorepathprocessing.code.tex
File: pgfcorepathprocessing.code.tex 2023-01-15 v3.1.10 (3.1.10)
) (/Users/xiangyun/Library/TinyTeX/texmf-dist/tex/generic/pgf/basiclayer/pgfcorearrows.code.tex
File: pgfcorearrows.code.tex 2023-01-15 v3.1.10 (3.1.10)
\pgfarrowsep=\dimen265
) (/Users/xiangyun/Library/TinyTeX/texmf-dist/tex/generic/pgf/basiclayer/pgfcoreshade.code.tex
File: pgfcoreshade.code.tex 2023-01-15 v3.1.10 (3.1.10)
\pgf@max=\dimen266
\pgf@sys@shading@range@num=\count291
\pgf@shadingcount=\count292
) (/Users/xiangyun/Library/TinyTeX/texmf-dist/tex/generic/pgf/basiclayer/pgfcoreimage.code.tex
File: pgfcoreimage.code.tex 2023-01-15 v3.1.10 (3.1.10)
) (/Users/xiangyun/Library/TinyTeX/texmf-dist/tex/generic/pgf/basiclayer/pgfcoreexternal.code.tex
File: pgfcoreexternal.code.tex 2023-01-15 v3.1.10 (3.1.10)
\pgfexternal@startupbox=\box65
) (/Users/xiangyun/Library/TinyTeX/texmf-dist/tex/generic/pgf/basiclayer/pgfcorelayers.code.tex
File: pgfcorelayers.code.tex 2023-01-15 v3.1.10 (3.1.10)
) (/Users/xiangyun/Library/TinyTeX/texmf-dist/tex/generic/pgf/basiclayer/pgfcoretransparency.code.tex
File: pgfcoretransparency.code.tex 2023-01-15 v3.1.10 (3.1.10)
) (/Users/xiangyun/Library/TinyTeX/texmf-dist/tex/generic/pgf/basiclayer/pgfcorepatterns.code.tex
File: pgfcorepatterns.code.tex 2023-01-15 v3.1.10 (3.1.10)
) (/Users/xiangyun/Library/TinyTeX/texmf-dist/tex/generic/pgf/basiclayer/pgfcorerdf.code.tex
File: pgfcorerdf.code.tex 2023-01-15 v3.1.10 (3.1.10)
))) (/Users/xiangyun/Library/TinyTeX/texmf-dist/tex/latex/pgf/utilities/xxcolor.sty
Package: xxcolor 2003/10/24 ver 0.1
\XC@nummixins=\count293
\XC@countmixins=\count294
) (/Users/xiangyun/Library/TinyTeX/texmf-dist/tex/latex/base/atbegshi-ltx.sty
Package: atbegshi-ltx 2021/01/10 v1.0c Emulation of the original atbegshi
package with kernel methods
) (/Users/xiangyun/Library/TinyTeX/texmf-dist/tex/latex/hyperref/hyperref.sty
Package: hyperref 2023-07-08 v7.01b Hypertext links for LaTeX
(/Users/xiangyun/Library/TinyTeX/texmf-dist/tex/generic/ltxcmds/ltxcmds.sty
Package: ltxcmds 2020-05-10 v1.25 LaTeX kernel commands for general use (HO)
) (/Users/xiangyun/Library/TinyTeX/texmf-dist/tex/generic/pdftexcmds/pdftexcmds.sty
Package: pdftexcmds 2020-06-27 v0.33 Utility functions of pdfTeX for LuaTeX (HO)
(/Users/xiangyun/Library/TinyTeX/texmf-dist/tex/generic/infwarerr/infwarerr.sty
Package: infwarerr 2019/12/03 v1.5 Providing info/warning/error messages (HO)
)
Package pdftexcmds Info: \pdf@primitive is available.
Package pdftexcmds Info: \pdf@ifprimitive is available.
Package pdftexcmds Info: \pdfdraftmode not found.
) (/Users/xiangyun/Library/TinyTeX/texmf-dist/tex/latex/kvsetkeys/kvsetkeys.sty
Package: kvsetkeys 2022-10-05 v1.19 Key value parser (HO)
) (/Users/xiangyun/Library/TinyTeX/texmf-dist/tex/generic/kvdefinekeys/kvdefinekeys.sty
Package: kvdefinekeys 2019-12-19 v1.6 Define keys (HO)
) (/Users/xiangyun/Library/TinyTeX/texmf-dist/tex/generic/pdfescape/pdfescape.sty
Package: pdfescape 2019/12/09 v1.15 Implements pdfTeX's escape features (HO)
) (/Users/xiangyun/Library/TinyTeX/texmf-dist/tex/latex/hycolor/hycolor.sty
Package: hycolor 2020-01-27 v1.10 Color options for hyperref/bookmark (HO)
) (/Users/xiangyun/Library/TinyTeX/texmf-dist/tex/latex/letltxmacro/letltxmacro.sty
Package: letltxmacro 2019/12/03 v1.6 Let assignment for LaTeX macros (HO)
) (/Users/xiangyun/Library/TinyTeX/texmf-dist/tex/latex/auxhook/auxhook.sty
Package: auxhook 2019-12-17 v1.6 Hooks for auxiliary files (HO)
) (/Users/xiangyun/Library/TinyTeX/texmf-dist/tex/latex/hyperref/nameref.sty
Package: nameref 2023-08-07 v2.53 Cross-referencing by name of section
(/Users/xiangyun/Library/TinyTeX/texmf-dist/tex/latex/refcount/refcount.sty
Package: refcount 2019/12/15 v3.6 Data extraction from label references (HO)
) (/Users/xiangyun/Library/TinyTeX/texmf-dist/tex/generic/gettitlestring/gettitlestring.sty
Package: gettitlestring 2019/12/15 v1.6 Cleanup title references (HO)
(/Users/xiangyun/Library/TinyTeX/texmf-dist/tex/latex/kvoptions/kvoptions.sty
Package: kvoptions 2022-06-15 v3.15 Key value format for package options (HO)
))
\c@section@level=\count295
)
\@linkdim=\dimen267
\Hy@linkcounter=\count296
\Hy@pagecounter=\count297
(/Users/xiangyun/Library/TinyTeX/texmf-dist/tex/latex/hyperref/pd1enc.def
File: pd1enc.def 2023-07-08 v7.01b Hyperref: PDFDocEncoding definition (HO)
) (/Users/xiangyun/Library/TinyTeX/texmf-dist/tex/generic/intcalc/intcalc.sty
Package: intcalc 2019/12/15 v1.3 Expandable calculations with integers (HO)
)
\Hy@SavedSpaceFactor=\count298
(/Users/xiangyun/Library/TinyTeX/texmf-dist/tex/latex/hyperref/puenc.def
File: puenc.def 2023-07-08 v7.01b Hyperref: PDF Unicode definition (HO)
)
Package hyperref Info: Option `bookmarks' set `true' on input line 4050.
Package hyperref Info: Option `bookmarksopen' set `true' on input line 4050.
Package hyperref Info: Option `implicit' set `false' on input line 4050.
Package hyperref Info: Hyper figures OFF on input line 4167.
Package hyperref Info: Link nesting OFF on input line 4172.
Package hyperref Info: Hyper index ON on input line 4175.
Package hyperref Info: Plain pages OFF on input line 4182.
Package hyperref Info: Backreferencing OFF on input line 4187.
Package hyperref Info: Implicit mode OFF; no redefinition of LaTeX internals.
Package hyperref Info: Bookmarks ON on input line 4434.
\c@Hy@tempcnt=\count299
(/Users/xiangyun/Library/TinyTeX/texmf-dist/tex/latex/url/url.sty
\Urlmuskip=\muskip16
Package: url 2013/09/16  ver 3.4  Verb mode for urls, etc.
)
LaTeX Info: Redefining \url on input line 4772.
\XeTeXLinkMargin=\dimen268
(/Users/xiangyun/Library/TinyTeX/texmf-dist/tex/generic/bitset/bitset.sty
Package: bitset 2019/12/09 v1.3 Handle bit-vector datatype (HO)
(/Users/xiangyun/Library/TinyTeX/texmf-dist/tex/generic/bigintcalc/bigintcalc.sty
Package: bigintcalc 2019/12/15 v1.5 Expandable calculations on big integers (HO)
))
\Fld@menulength=\count300
\Field@Width=\dimen269
\Fld@charsize=\dimen270
Package hyperref Info: Hyper figures OFF on input line 6051.
Package hyperref Info: Link nesting OFF on input line 6056.
Package hyperref Info: Hyper index ON on input line 6059.
Package hyperref Info: backreferencing OFF on input line 6066.
Package hyperref Info: Link coloring OFF on input line 6071.
Package hyperref Info: Link coloring with OCG OFF on input line 6076.
Package hyperref Info: PDF/A mode OFF on input line 6081.
\Hy@abspage=\count301

Package hyperref Message: Stopped early.

)
Package hyperref Info: Driver (autodetected): hxetex.
(/Users/xiangyun/Library/TinyTeX/texmf-dist/tex/latex/hyperref/hxetex.def
File: hxetex.def 2023-07-08 v7.01b Hyperref driver for XeTeX
(/Users/xiangyun/Library/TinyTeX/texmf-dist/tex/generic/stringenc/stringenc.sty
Package: stringenc 2019/11/29 v1.12 Convert strings between diff. encodings (HO)
)
\pdfm@box=\box66
\c@Hy@AnnotLevel=\count302
\HyField@AnnotCount=\count303
\Fld@listcount=\count304
\c@bookmark@seq@number=\count305
(/Users/xiangyun/Library/TinyTeX/texmf-dist/tex/latex/rerunfilecheck/rerunfilecheck.sty
Package: rerunfilecheck 2022-07-10 v1.10 Rerun checks for auxiliary files (HO)
(/Users/xiangyun/Library/TinyTeX/texmf-dist/tex/latex/base/atveryend-ltx.sty
Package: atveryend-ltx 2020/08/19 v1.0a Emulation of the original atveryend package
with kernel methods
) (/Users/xiangyun/Library/TinyTeX/texmf-dist/tex/generic/uniquecounter/uniquecounter.sty
Package: uniquecounter 2019/12/15 v1.4 Provide unlimited unique counter (HO)
)
Package uniquecounter Info: New unique counter `rerunfilecheck' on input line 285.
)) (/Users/xiangyun/Library/TinyTeX/texmf-dist/tex/latex/beamer/beamerbaserequires.sty (/Users/xiangyun/Library/TinyTeX/texmf-dist/tex/latex/beamer/beamerbasecompatibility.sty) (/Users/xiangyun/Library/TinyTeX/texmf-dist/tex/latex/beamer/beamerbasefont.sty (/Users/xiangyun/Library/TinyTeX/texmf-dist/tex/latex/amsfonts/amssymb.sty
Package: amssymb 2013/01/14 v3.01 AMS font symbols
(/Users/xiangyun/Library/TinyTeX/texmf-dist/tex/latex/amsfonts/amsfonts.sty
Package: amsfonts 2013/01/14 v3.01 Basic AMSFonts support
\@emptytoks=\toks29
\symAMSa=\mathgroup4
\symAMSb=\mathgroup5
LaTeX Font Info:    Redeclaring math symbol \hbar on input line 98.
LaTeX Font Info:    Overwriting math alphabet `\mathfrak' in version `bold'
(Font)                  U/euf/m/n --> U/euf/b/n on input line 106.
))) (/Users/xiangyun/Library/TinyTeX/texmf-dist/tex/latex/beamer/beamerbasetranslator.sty (/Users/xiangyun/Library/TinyTeX/texmf-dist/tex/latex/translator/translator.sty
Package: translator 2021-05-31 v1.12d Easy translation of strings in LaTeX
)) (/Users/xiangyun/Library/TinyTeX/texmf-dist/tex/latex/beamer/beamerbasemisc.sty) (/Users/xiangyun/Library/TinyTeX/texmf-dist/tex/latex/beamer/beamerbasetwoscreens.sty) (/Users/xiangyun/Library/TinyTeX/texmf-dist/tex/latex/beamer/beamerbaseoverlay.sty
\beamer@argscount=\count306
\beamer@lastskipcover=\skip51
\beamer@trivlistdepth=\count307
) (/Users/xiangyun/Library/TinyTeX/texmf-dist/tex/latex/beamer/beamerbasetitle.sty) (/Users/xiangyun/Library/TinyTeX/texmf-dist/tex/latex/beamer/beamerbasesection.sty
\c@lecture=\count308
\c@part=\count309
\c@section=\count310
\c@subsection=\count311
\c@subsubsection=\count312
) (/Users/xiangyun/Library/TinyTeX/texmf-dist/tex/latex/beamer/beamerbaseframe.sty
\beamer@framebox=\box67
\beamer@frametitlebox=\box68
\beamer@zoombox=\box69
\beamer@zoomcount=\count313
\beamer@zoomframecount=\count314
\beamer@frametextheight=\dimen271
\c@subsectionslide=\count315
\beamer@frametopskip=\skip52
\beamer@framebottomskip=\skip53
\beamer@frametopskipautobreak=\skip54
\beamer@framebottomskipautobreak=\skip55
\beamer@envbody=\toks30
\framewidth=\dimen272
\c@framenumber=\count316
) (/Users/xiangyun/Library/TinyTeX/texmf-dist/tex/latex/beamer/beamerbaseverbatim.sty
\beamer@verbatimfileout=\write4
) (/Users/xiangyun/Library/TinyTeX/texmf-dist/tex/latex/beamer/beamerbaseframesize.sty
\beamer@splitbox=\box70
\beamer@autobreakcount=\count317
\beamer@autobreaklastheight=\dimen273
\beamer@frametitletoks=\toks31
\beamer@framesubtitletoks=\toks32
) (/Users/xiangyun/Library/TinyTeX/texmf-dist/tex/latex/beamer/beamerbaseframecomponents.sty
\beamer@footins=\box71
) (/Users/xiangyun/Library/TinyTeX/texmf-dist/tex/latex/beamer/beamerbasecolor.sty) (/Users/xiangyun/Library/TinyTeX/texmf-dist/tex/latex/beamer/beamerbasenotes.sty
\beamer@frameboxcopy=\box72
) (/Users/xiangyun/Library/TinyTeX/texmf-dist/tex/latex/beamer/beamerbasetoc.sty) (/Users/xiangyun/Library/TinyTeX/texmf-dist/tex/latex/beamer/beamerbasetemplates.sty
\beamer@sbttoks=\toks33
(/Users/xiangyun/Library/TinyTeX/texmf-dist/tex/latex/beamer/beamerbaseauxtemplates.sty (/Users/xiangyun/Library/TinyTeX/texmf-dist/tex/latex/beamer/beamerbaseboxes.sty
\bmb@box=\box73
\bmb@colorbox=\box74
\bmb@boxwidth=\dimen274
\bmb@boxheight=\dimen275
\bmb@prevheight=\dimen276
\bmb@temp=\dimen277
\bmb@dima=\dimen278
\bmb@dimb=\dimen279
\bmb@prevheight=\dimen280
)
\beamer@blockheadheight=\dimen281
)) (/Users/xiangyun/Library/TinyTeX/texmf-dist/tex/latex/beamer/beamerbaselocalstructure.sty (/Users/xiangyun/Library/TinyTeX/texmf-dist/tex/latex/tools/enumerate.sty
Package: enumerate 2015/07/23 v3.00 enumerate extensions (DPC)
\@enLab=\toks34
)
\beamer@bibiconwidth=\skip56
\c@figure=\count318
\c@table=\count319
\abovecaptionskip=\skip57
\belowcaptionskip=\skip58
) (/Users/xiangyun/Library/TinyTeX/texmf-dist/tex/latex/beamer/beamerbasenavigation.sty (/Users/xiangyun/Library/TinyTeX/texmf-dist/tex/latex/beamer/beamerbasenavigationsymbols.tex)
\beamer@section@min@dim=\dimen282
) (/Users/xiangyun/Library/TinyTeX/texmf-dist/tex/latex/beamer/beamerbasetheorems.sty (/Users/xiangyun/Library/TinyTeX/texmf-dist/tex/latex/amsmath/amsmath.sty
Package: amsmath 2023/05/13 v2.17o AMS math features
\@mathmargin=\skip59
For additional information on amsmath, use the `?' option.
(/Users/xiangyun/Library/TinyTeX/texmf-dist/tex/latex/amsmath/amstext.sty
Package: amstext 2021/08/26 v2.01 AMS text
(/Users/xiangyun/Library/TinyTeX/texmf-dist/tex/latex/amsmath/amsgen.sty
File: amsgen.sty 1999/11/30 v2.0 generic functions
\@emptytoks=\toks35
\ex@=\dimen283
)) (/Users/xiangyun/Library/TinyTeX/texmf-dist/tex/latex/amsmath/amsbsy.sty
Package: amsbsy 1999/11/29 v1.2d Bold Symbols
\pmbraise@=\dimen284
) (/Users/xiangyun/Library/TinyTeX/texmf-dist/tex/latex/amsmath/amsopn.sty
Package: amsopn 2022/04/08 v2.04 operator names
)
\inf@bad=\count320
LaTeX Info: Redefining \frac on input line 234.
\uproot@=\count321
\leftroot@=\count322
LaTeX Info: Redefining \overline on input line 399.
LaTeX Info: Redefining \colon on input line 410.
\classnum@=\count323
\DOTSCASE@=\count324
LaTeX Info: Redefining \ldots on input line 496.
LaTeX Info: Redefining \dots on input line 499.
LaTeX Info: Redefining \cdots on input line 620.
\Mathstrutbox@=\box75
\strutbox@=\box76
LaTeX Info: Redefining \big on input line 722.
LaTeX Info: Redefining \Big on input line 723.
LaTeX Info: Redefining \bigg on input line 724.
LaTeX Info: Redefining \Bigg on input line 725.
\big@size=\dimen285
LaTeX Font Info:    Redeclaring font encoding OML on input line 743.
LaTeX Font Info:    Redeclaring font encoding OMS on input line 744.
\macc@depth=\count325
LaTeX Info: Redefining \bmod on input line 905.
LaTeX Info: Redefining \pmod on input line 910.
LaTeX Info: Redefining \smash on input line 940.
LaTeX Info: Redefining \relbar on input line 970.
LaTeX Info: Redefining \Relbar on input line 971.
\c@MaxMatrixCols=\count326
\dotsspace@=\muskip17
\c@parentequation=\count327
\dspbrk@lvl=\count328
\tag@help=\toks36
\row@=\count329
\column@=\count330
\maxfields@=\count331
\andhelp@=\toks37
\eqnshift@=\dimen286
\alignsep@=\dimen287
\tagshift@=\dimen288
\tagwidth@=\dimen289
\totwidth@=\dimen290
\lineht@=\dimen291
\@envbody=\toks38
\multlinegap=\skip60
\multlinetaggap=\skip61
\mathdisplay@stack=\toks39
LaTeX Info: Redefining \[ on input line 2953.
LaTeX Info: Redefining \] on input line 2954.
) (/Users/xiangyun/Library/TinyTeX/texmf-dist/tex/latex/amscls/amsthm.sty
Package: amsthm 2020/05/29 v2.20.6
\thm@style=\toks40
\thm@bodyfont=\toks41
\thm@headfont=\toks42
\thm@notefont=\toks43
\thm@headpunct=\toks44
\thm@preskip=\skip62
\thm@postskip=\skip63
\thm@headsep=\skip64
\dth@everypar=\toks45
)
\c@theorem=\count332
) (/Users/xiangyun/Library/TinyTeX/texmf-dist/tex/latex/beamer/beamerbasethemes.sty)) (/Users/xiangyun/Library/TinyTeX/texmf-dist/tex/latex/beamer/beamerthemedefault.sty (/Users/xiangyun/Library/TinyTeX/texmf-dist/tex/latex/beamer/beamerfontthemedefault.sty) (/Users/xiangyun/Library/TinyTeX/texmf-dist/tex/latex/beamer/beamercolorthemedefault.sty) (/Users/xiangyun/Library/TinyTeX/texmf-dist/tex/latex/beamer/beamerinnerthemedefault.sty
\beamer@dima=\dimen292
\beamer@dimb=\dimen293
) (/Users/xiangyun/Library/TinyTeX/texmf-dist/tex/latex/beamer/beamerouterthemedefault.sty))) (/Users/xiangyun/Library/TinyTeX/texmf-dist/tex/latex/beamer2thesis/beamerthemeTorinoTh.sty (/Users/xiangyun/Library/TinyTeX/texmf-dist/tex/generic/iftex/ifxetex.sty
Package: ifxetex 2019/10/25 v0.7 ifxetex legacy package. Use iftex instead.
) (/Users/xiangyun/Library/TinyTeX/texmf-dist/tex/latex/psnfss/pifont.sty
Package: pifont 2020/03/25 PSNFSS-v9.3 Pi font support (SPQR) 
LaTeX Font Info:    Trying to load font information for U+pzd on input line 63.
(/Users/xiangyun/Library/TinyTeX/texmf-dist/tex/latex/psnfss/upzd.fd
File: upzd.fd 2001/06/04 font definitions for U/pzd.
)
LaTeX Font Info:    Trying to load font information for U+psy on input line 64.
(/Users/xiangyun/Library/TinyTeX/texmf-dist/tex/latex/psnfss/upsy.fd
File: upsy.fd 2001/06/04 font definitions for U/psy.
)) (/Users/xiangyun/Library/TinyTeX/texmf-dist/tex/latex/fontspec/fontspec.sty (/Users/xiangyun/Library/TinyTeX/texmf-dist/tex/latex/l3packages/xparse/xparse.sty (/Users/xiangyun/Library/TinyTeX/texmf-dist/tex/latex/l3kernel/expl3.sty
Package: expl3 2023-08-29 L3 programming layer (loader) 
(/Users/xiangyun/Library/TinyTeX/texmf-dist/tex/latex/l3backend/l3backend-xetex.def
File: l3backend-xetex.def 2023-04-19 L3 backend support: XeTeX
\g__graphics_track_int=\count333
\l__pdf_internal_box=\box77
\g__pdf_backend_object_int=\count334
\g__pdf_backend_annotation_int=\count335
\g__pdf_backend_link_int=\count336
))
Package: xparse 2023-02-02 L3 Experimental document command parser
)
Package: fontspec 2022/01/15 v2.8a Font selection for XeLaTeX and LuaLaTeX
(/Users/xiangyun/Library/TinyTeX/texmf-dist/tex/latex/fontspec/fontspec-xetex.sty
Package: fontspec-xetex 2022/01/15 v2.8a Font selection for XeLaTeX and LuaLaTeX
\l__fontspec_script_int=\count337
\l__fontspec_language_int=\count338
\l__fontspec_strnum_int=\count339
\l__fontspec_tmp_int=\count340
\l__fontspec_tmpa_int=\count341
\l__fontspec_tmpb_int=\count342
\l__fontspec_tmpc_int=\count343
\l__fontspec_em_int=\count344
\l__fontspec_emdef_int=\count345
\l__fontspec_strong_int=\count346
\l__fontspec_strongdef_int=\count347
\l__fontspec_tmpa_dim=\dimen294
\l__fontspec_tmpb_dim=\dimen295
\l__fontspec_tmpc_dim=\dimen296
(/Users/xiangyun/Library/TinyTeX/texmf-dist/tex/latex/base/fontenc.sty
Package: fontenc 2021/04/29 v2.0v Standard LaTeX package
) (/Users/xiangyun/Library/TinyTeX/texmf-dist/tex/latex/fontspec/fontspec.cfg))) (/Users/xiangyun/Library/TinyTeX/texmf-dist/tex/xelatex/xunicode/xunicode.sty
File: xunicode.sty 2011/09/09 v0.981 provides access to latin accents and many other characters in Unicode lower plane
(/Users/xiangyun/Library/TinyTeX/texmf-dist/tex/latex/tipa/t3enc.def
File: t3enc.def 2001/12/31 T3 encoding
LaTeX Font Info:    Font shape `TU/lmss/m/it' in size <10.95> not available
(Font)              Font shape `TU/lmss/m/sl' tried instead on input line 316.
)
\tipaTiiicode=\count348
\tipasavetokens=\toks46
\tipachecktokens=\toks47
) (/Users/xiangyun/Library/TinyTeX/texmf-dist/tex/xelatex/xltxtra/xltxtra.sty
Package: xltxtra 2018/12/31 v0.7 Improvements for the "XeLaTeX" format
(/Users/xiangyun/Library/TinyTeX/texmf-dist/tex/generic/iftex/ifluatex.sty
Package: ifluatex 2019/10/25 v1.5 ifluatex legacy package. Use iftex instead.
) (/Users/xiangyun/Library/TinyTeX/texmf-dist/tex/latex/realscripts/realscripts.sty
Package: realscripts 2016/02/13 v0.3d Access OpenType subscripts and superscripts
\subsupersep=\dimen297
) (/Users/xiangyun/Library/TinyTeX/texmf-dist/tex/latex/metalogo/metalogo.sty
Package: metalogo 2010/05/29 v0.12 Extended TeX logo macros
\xl@everylogo=\toks48
\xl@@everylogo=\toks49
LaTeX Info: Redefining \TeX on input line 193.
LaTeX Info: Redefining \LaTeX on input line 202.
LaTeX Info: Redefining \LaTeXe on input line 219.
)
\l__xetex_show_hyphens_wrapping_box=\box78
\l__xetex_show_hyphens_temp_box=\box79
\l__xetex_show_hyphens_final_box=\box80
\g__xetex_show_hyphens_word_box=\box81
) (/Users/xiangyun/Library/TinyTeX/texmf-dist/tex/latex/xkeyval/xkeyval.sty
Package: xkeyval 2022/06/16 v2.9 package option processing (HA)
(/Users/xiangyun/Library/TinyTeX/texmf-dist/tex/generic/xkeyval/xkeyval.tex (/Users/xiangyun/Library/TinyTeX/texmf-dist/tex/generic/xkeyval/xkvutils.tex
\XKV@toks=\toks50
\XKV@tempa@toks=\toks51
)
\XKV@depth=\count349
File: xkeyval.tex 2014/12/03 v2.7a key=value parser (HA)
)) (/Users/xiangyun/Library/TinyTeX/texmf-dist/tex/latex/polyglossia/polyglossia.sty
Package: polyglossia 2023/07/21 v1.64 Modern multilingual typesetting with XeLaTeX and LuaLaTeX
(/Users/xiangyun/Library/TinyTeX/texmf-dist/tex/latex/makecmds/makecmds.sty
Package: makecmds 2009/09/03 v1.0a extra command making commands
) (/Users/xiangyun/Library/TinyTeX/texmf-dist/tex/latex/l3packages/l3keys2e/l3keys2e.sty
Package: l3keys2e 2023-02-02 LaTeX2e option processing using LaTeX3 keys
)
\xpg@normalclass=\XeTeXcharclass1
(/Users/xiangyun/Library/TinyTeX/texmf-dist/tex/latex/polyglossia/gloss-latex.lde
Package: gloss-latex 2023/07/21 v1.64 polyglossia: module for default language
The property list \polyglossia@langsetup contains the pairs (without outer
braces):
>  {latex/script}  =>  {latin}
>  {latex/lcscript}  =>  {latin}
>  {latex/scripttag}  =>  {}
>  {latex/language}  =>  {Latex}
>  {latex/langtag}  =>  {ENG}
>  {latex/bcp47}  =>  {en-US}
>  {latex/bcp47-language}  =>  {en}
>  {latex/bcp47-region}  =>  {US}
>  {latex/bcp47-script}  =>  {Latn}
>  {latex/bcp47-variant}  =>  {}
>  {latex/bcp47-extension-t}  =>  {}
>  {latex/bcp47-extension-u}  =>  {}
>  {latex/bcp47-extension-x}  =>  {}
>  {latex/bcp47-casing}  =>  {}
>  {latex/hyphennames}  =>  {english}
>  {latex/direction}  =>  {LR}
>  {latex/hyphenmins}  =>  {2,3}
>  {latex/frenchspacing}  =>  {false}
>  {latex/indentfirst}  =>  {false}
>  {latex/fontsetup}  =>  {true}
>  {latex/envname}  =>  {latex}
>  {latex/babelname}  =>  {latex}
>  {latex/localnumeral}  =>  {polyglossia@C@localnumeral}
>  {latex/Localnumeral}  =>  {polyglossia@C@localnumeral}
>  {latex/DefineCommandsCmd}  =>  {use_none:n}.
)
Package polyglossia Info: Default language is latex.
) (/Users/xiangyun/Library/TinyTeX/texmf-dist/tex/latex/polyglossia/gloss-english.ldf
File: gloss-english.ldf polyglossia: module for English
The property list \polyglossia@langsetup contains the pairs (without outer
braces):
>  {latex/script}  =>  {latin}
>  {latex/lcscript}  =>  {latin}
>  {latex/scripttag}  =>  {}
>  {latex/language}  =>  {Latex}
>  {latex/langtag}  =>  {ENG}
>  {latex/bcp47}  =>  {en-US}
>  {latex/bcp47-language}  =>  {en}
>  {latex/bcp47-region}  =>  {US}
>  {latex/bcp47-script}  =>  {Latn}
>  {latex/bcp47-variant}  =>  {}
>  {latex/bcp47-extension-t}  =>  {}
>  {latex/bcp47-extension-u}  =>  {}
>  {latex/bcp47-extension-x}  =>  {}
>  {latex/bcp47-casing}  =>  {}
>  {latex/hyphennames}  =>  {english}
>  {latex/direction}  =>  {LR}
>  {latex/hyphenmins}  =>  {2,3}
>  {latex/frenchspacing}  =>  {false}
>  {latex/indentfirst}  =>  {false}
>  {latex/fontsetup}  =>  {true}
>  {latex/envname}  =>  {latex}
>  {latex/babelname}  =>  {latex}
>  {latex/localnumeral}  =>  {polyglossia@C@localnumeral}
>  {latex/Localnumeral}  =>  {polyglossia@C@localnumeral}
>  {latex/DefineCommandsCmd}  =>  {use_none:n}
>  {english/script}  =>  {latin}
>  {english/lcscript}  =>  {latin}
>  {english/scripttag}  =>  {}
>  {english/language}  =>  {English}
>  {english/langtag}  =>  {ENG}
>  {english/bcp47}  =>  {en-US}
>  {english/bcp47-language}  =>  {en}
>  {english/bcp47-region}  =>  {US}
>  {english/bcp47-script}  =>  {Latn}
>  {english/bcp47-variant}  =>  {}
>  {english/bcp47-extension-t}  =>  {}
>  {english/bcp47-extension-u}  =>  {}
>  {english/bcp47-extension-x}  =>  {}
>  {english/bcp47-casing}  =>  {}
>  {english/hyphennames}  =>  {english,american,usenglish,USenglish}
>  {english/direction}  =>  {LR}
>  {english/hyphenmins}  =>  {2,3}
>  {english/frenchspacing}  =>  {false}
>  {english/indentfirst}  =>  {false}
>  {english/fontsetup}  =>  {true}
>  {english/envname}  =>  {english}
>  {english/babelname}  =>  {english}
>  {english/localnumeral}  =>  {polyglossia@C@localnumeral}
>  {english/Localnumeral}  =>  {polyglossia@C@localnumeral}
>  {english/DefineCommandsCmd}  =>  {xpg_define_language_commands:e}.
Package polyglossia Info: Option: English, variant=american.
)
Package polyglossia Info: Option: english variant=british.
Package polyglossia Info: Option: english variant=british.
Package polyglossia Info: Default language is english.
Package polyglossia Info: Option: english variant=british.
(/Users/xiangyun/Library/TinyTeX/texmf-dist/tex/latex/beamer2thesis/beamerinnerthemetorinoth.sty
\beamer@torinoth@normalmargin=\skip65
) (/Users/xiangyun/Library/TinyTeX/texmf-dist/tex/latex/beamer2thesis/beamerouterthemetorinoth.sty
\headerheight=\skip66
\beamer@torinoth@line=\skip67
\beamer@torinoth@box=\skip68
) (/Users/xiangyun/Library/TinyTeX/texmf-dist/tex/latex/beamer2thesis/beamercolorthemetorinoth.sty) (/Users/xiangyun/Library/TinyTeX/texmf-dist/tex/latex/beamer2thesis/beamerfontthemetorinoth.sty)
Package hyperref Info: Option `colorlinks' set `true' on input line 123.
Package hyperref Info: Option `hyperindex' set `true' on input line 123.
Package hyperref Info: Option `plainpages' set `false' on input line 123.

Package hyperref Warning: Token not allowed in a PDF string (Unicode):
(hyperref)                removing `\<def>-command' on input line 123.


Package hyperref Warning: Token not allowed in a PDF string (Unicode):
(hyperref)                removing `\inst' on input line 123.


Package hyperref Warning: Token not allowed in a PDF string (Unicode):
(hyperref)                removing `\<def>-command' on input line 123.


Package hyperref Warning: Token not allowed in a PDF string (Unicode):
(hyperref)                removing `\and' on input line 123.

) (/Users/xiangyun/Library/TinyTeX/texmf-dist/tex/latex/hf-tikz/hf-tikz.sty
Package: hf-tikz 2014/07/25 v0.3a A simple way to highlight formulas and formula parts.
(/Users/xiangyun/Library/TinyTeX/texmf-dist/tex/latex/pgf/frontendlayer/tikz.sty (/Users/xiangyun/Library/TinyTeX/texmf-dist/tex/latex/pgf/basiclayer/pgf.sty
Package: pgf 2023-01-15 v3.1.10 (3.1.10)
(/Users/xiangyun/Library/TinyTeX/texmf-dist/tex/generic/pgf/modules/pgfmoduleshapes.code.tex
File: pgfmoduleshapes.code.tex 2023-01-15 v3.1.10 (3.1.10)
\pgfnodeparttextbox=\box82
) (/Users/xiangyun/Library/TinyTeX/texmf-dist/tex/generic/pgf/modules/pgfmoduleplot.code.tex
File: pgfmoduleplot.code.tex 2023-01-15 v3.1.10 (3.1.10)
) (/Users/xiangyun/Library/TinyTeX/texmf-dist/tex/latex/pgf/compatibility/pgfcomp-version-0-65.sty
Package: pgfcomp-version-0-65 2023-01-15 v3.1.10 (3.1.10)
\pgf@nodesepstart=\dimen298
\pgf@nodesepend=\dimen299
) (/Users/xiangyun/Library/TinyTeX/texmf-dist/tex/latex/pgf/compatibility/pgfcomp-version-1-18.sty
Package: pgfcomp-version-1-18 2023-01-15 v3.1.10 (3.1.10)
)) (/Users/xiangyun/Library/TinyTeX/texmf-dist/tex/latex/pgf/utilities/pgffor.sty (/Users/xiangyun/Library/TinyTeX/texmf-dist/tex/generic/pgf/utilities/pgffor.code.tex
Package: pgffor 2023-01-15 v3.1.10 (3.1.10)
\pgffor@iter=\dimen300
\pgffor@skip=\dimen301
\pgffor@stack=\toks52
\pgffor@toks=\toks53
)) (/Users/xiangyun/Library/TinyTeX/texmf-dist/tex/generic/pgf/frontendlayer/tikz/tikz.code.tex
Package: tikz 2023-01-15 v3.1.10 (3.1.10)
(/Users/xiangyun/Library/TinyTeX/texmf-dist/tex/generic/pgf/libraries/pgflibraryplothandlers.code.tex
File: pgflibraryplothandlers.code.tex 2023-01-15 v3.1.10 (3.1.10)
\pgf@plot@mark@count=\count350
\pgfplotmarksize=\dimen302
)
\tikz@lastx=\dimen303
\tikz@lasty=\dimen304
\tikz@lastxsaved=\dimen305
\tikz@lastysaved=\dimen306
\tikz@lastmovetox=\dimen307
\tikz@lastmovetoy=\dimen308
\tikzleveldistance=\dimen309
\tikzsiblingdistance=\dimen310
\tikz@figbox=\box83
\tikz@figbox@bg=\box84
\tikz@tempbox=\box85
\tikz@tempbox@bg=\box86
\tikztreelevel=\count351
\tikznumberofchildren=\count352
\tikznumberofcurrentchild=\count353
\tikz@fig@count=\count354
(/Users/xiangyun/Library/TinyTeX/texmf-dist/tex/generic/pgf/modules/pgfmodulematrix.code.tex
File: pgfmodulematrix.code.tex 2023-01-15 v3.1.10 (3.1.10)
\pgfmatrixcurrentrow=\count355
\pgfmatrixcurrentcolumn=\count356
\pgf@matrix@numberofcolumns=\count357
)
\tikz@expandcount=\count358
(/Users/xiangyun/Library/TinyTeX/texmf-dist/tex/generic/pgf/frontendlayer/tikz/libraries/tikzlibrarytopaths.code.tex
File: tikzlibrarytopaths.code.tex 2023-01-15 v3.1.10 (3.1.10)
))) (/Users/xiangyun/Library/TinyTeX/texmf-dist/tex/generic/pgf/frontendlayer/tikz/libraries/tikzlibraryshadings.code.tex
File: tikzlibraryshadings.code.tex 2023-01-15 v3.1.10 (3.1.10)
(/Users/xiangyun/Library/TinyTeX/texmf-dist/tex/generic/pgf/libraries/pgflibraryshadings.code.tex
File: pgflibraryshadings.code.tex 2023-01-15 v3.1.10 (3.1.10)
))
\c@jumping=\count359
) (/Users/xiangyun/Library/TinyTeX/texmf-dist/tex/xelatex/xecjk/xeCJK.sty
Package: xeCJK 2022/08/05 v3.9.1 Typesetting CJK scripts with XeLaTeX
(/Users/xiangyun/Library/TinyTeX/texmf-dist/tex/latex/ctex/ctexhook.sty
Package: ctexhook 2022/07/14 v2.5.10 Document and package hooks (CTEX)
) (/Users/xiangyun/Library/TinyTeX/texmf-dist/tex/latex/l3packages/xtemplate/xtemplate.sty
Package: xtemplate 2023-02-02 L3 Experimental prototype document functions
\l__xtemplate_tmp_dim=\dimen311
\l__xtemplate_tmp_int=\count360
\l__xtemplate_tmp_muskip=\muskip18
\l__xtemplate_tmp_skip=\skip69
)
\l__xeCJK_tmp_int=\count361
\l__xeCJK_tmp_box=\box87
\l__xeCJK_tmp_dim=\dimen312
\l__xeCJK_tmp_skip=\skip70
\g__xeCJK_space_factor_int=\count362
\l__xeCJK_begin_int=\count363
\l__xeCJK_end_int=\count364
\c__xeCJK_CJK_class_int=\XeTeXcharclass2
\c__xeCJK_FullLeft_class_int=\XeTeXcharclass3
\c__xeCJK_FullRight_class_int=\XeTeXcharclass4
\c__xeCJK_HalfLeft_class_int=\XeTeXcharclass5
\c__xeCJK_HalfRight_class_int=\XeTeXcharclass6
\c__xeCJK_NormalSpace_class_int=\XeTeXcharclass7
\c__xeCJK_CM_class_int=\XeTeXcharclass8
\c__xeCJK_HangulJamo_class_int=\XeTeXcharclass9
\l__xeCJK_last_skip=\skip71
\c__xeCJK_none_node=\count365
\g__xeCJK_node_int=\count366
\c__xeCJK_CJK_node_dim=\dimen313
\c__xeCJK_CJK-space_node_dim=\dimen314
\c__xeCJK_default_node_dim=\dimen315
\c__xeCJK_CJK-widow_node_dim=\dimen316
\c__xeCJK_normalspace_node_dim=\dimen317
\c__xeCJK_default-space_node_skip=\skip72
\l__xeCJK_ccglue_skip=\skip73
\l__xeCJK_ecglue_skip=\skip74
\l__xeCJK_punct_kern_skip=\skip75
\l__xeCJK_indent_box=\box88
\l__xeCJK_last_penalty_int=\count367
\l__xeCJK_last_bound_dim=\dimen318
\l__xeCJK_last_kern_dim=\dimen319
\l__xeCJK_widow_penalty_int=\count368

Package xtemplate Info: Declaring object type 'xeCJK/punctuation' taking 0
(xtemplate)             argument(s) on line 2396.

\l__xeCJK_fixed_punct_width_dim=\dimen320
\l__xeCJK_mixed_punct_width_dim=\dimen321
\l__xeCJK_middle_punct_width_dim=\dimen322
\l__xeCJK_fixed_margin_width_dim=\dimen323
\l__xeCJK_mixed_margin_width_dim=\dimen324
\l__xeCJK_middle_margin_width_dim=\dimen325
\l__xeCJK_bound_punct_width_dim=\dimen326
\l__xeCJK_bound_margin_width_dim=\dimen327
\l__xeCJK_margin_minimum_dim=\dimen328
\l__xeCJK_kerning_total_width_dim=\dimen329
\l__xeCJK_same_align_margin_dim=\dimen330
\l__xeCJK_different_align_margin_dim=\dimen331
\l__xeCJK_kerning_margin_width_dim=\dimen332
\l__xeCJK_kerning_margin_minimum_dim=\dimen333
\l__xeCJK_bound_dim=\dimen334
\l__xeCJK_reverse_bound_dim=\dimen335
\l__xeCJK_margin_dim=\dimen336
\l__xeCJK_minimum_bound_dim=\dimen337
\l__xeCJK_kerning_margin_dim=\dimen338
\g__xeCJK_family_int=\count369
\l__xeCJK_fam_int=\count370
\g__xeCJK_fam_allocation_int=\count371
\l__xeCJK_verb_case_int=\count372
\l__xeCJK_verb_exspace_skip=\skip76
(/Users/xiangyun/Library/TinyTeX/texmf-dist/tex/xelatex/xecjk/xeCJK.cfg
File: xeCJK.cfg 2022/08/05 v3.9.1 Configuration file for xeCJK package
)) (/Users/xiangyun/Library/TinyTeX/texmf-dist/tex/latex/natbib/natbib.sty
Package: natbib 2010/09/13 8.31b (PWD, AO)
\bibhang=\skip77
\bibsep=\skip78
LaTeX Info: Redefining \cite on input line 694.
\c@NAT@ctr=\count373
)

Package fontspec Info: Could not resolve font "Kaiti SC/B" (it probably
(fontspec)             doesn't exist).


Package fontspec Info: Could not resolve font "Noto Sans CJK SC/I" (it
(fontspec)             probably doesn't exist).


Package fontspec Info: Font family 'NotoSerifCJKSC(0)' created for font 'Noto
(fontspec)             Serif CJK SC' with options
(fontspec)             [Mapping=tex-text,Script={CJK},BoldFont={Noto Sans CJK
(fontspec)             SC},ItalicFont={Kaiti SC}].
(fontspec)              
(fontspec)              This font family consists of the following NFSS
(fontspec)             series/shapes:
(fontspec)              
(fontspec)             - 'normal' (m/n) with NFSS spec.: <->"Noto Serif CJK
(fontspec)             SC/OT:script=hani;language=dflt;mapping=tex-text;"
(fontspec)             - 'small caps'  (m/sc) with NFSS spec.: 
(fontspec)             - 'bold' (b/n) with NFSS spec.: <->"Noto Sans CJK
(fontspec)             SC/OT:script=hani;language=dflt;mapping=tex-text;"
(fontspec)             - 'bold small caps'  (b/sc) with NFSS spec.: 
(fontspec)             - 'italic' (m/it) with NFSS spec.: <->"Kaiti
(fontspec)             SC/OT:script=hani;language=dflt;mapping=tex-text;"
(fontspec)             - 'italic small caps'  (m/scit) with NFSS spec.: 
(fontspec)             - 'bold italic' (b/it) with NFSS spec.: <->"Noto Serif
(fontspec)             CJK
(fontspec)             SC/BI/OT:script=hani;language=dflt;mapping=tex-text;"
(fontspec)             - 'bold italic small caps'  (b/scit) with NFSS spec.: 


Package fontspec Info: Could not resolve font "Noto Sans CJK SC/I" (it
(fontspec)             probably doesn't exist).


Package fontspec Info: Could not resolve font "Noto Sans CJK SC/I" (it
(fontspec)             probably doesn't exist).


Package fontspec Info: Font family 'NotoSansCJKSC(0)' created for font 'Noto
(fontspec)             Sans CJK SC' with options
(fontspec)             [Mapping=tex-text,Script={CJK},BoldFont={Noto Sans CJK
(fontspec)             SC}].
(fontspec)              
(fontspec)              This font family consists of the following NFSS
(fontspec)             series/shapes:
(fontspec)              
(fontspec)             - 'normal' (m/n) with NFSS spec.: <->"Noto Sans CJK
(fontspec)             SC/OT:script=hani;language=dflt;mapping=tex-text;"
(fontspec)             - 'small caps'  (m/sc) with NFSS spec.: 
(fontspec)             - 'bold' (b/n) with NFSS spec.: <->"Noto Sans CJK
(fontspec)             SC/OT:script=hani;language=dflt;mapping=tex-text;"
(fontspec)             - 'bold small caps'  (b/sc) with NFSS spec.: 
(fontspec)             - 'bold italic' (b/it) with NFSS spec.: <->"Noto Sans
(fontspec)             CJK
(fontspec)             SC/BI/OT:script=hani;language=dflt;mapping=tex-text;"
(fontspec)             - 'bold italic small caps'  (b/scit) with NFSS spec.: 

(/Users/xiangyun/Library/TinyTeX/texmf-dist/tex/xelatex/xecjk/xunicode-addon.sty
Package: xunicode-addon 2022/08/05 v3.9.1 addon file for xunicode
\l__xunadd_tmp_coffin=\box89
\l__xunadd_circle_coffin=\box90
\l_xunadd_slot_int=\count374
) (/Users/xiangyun/Library/TinyTeX/texmf-dist/tex/xelatex/xunicode/xunicode.sty
File: xunicode.sty 2011/09/09 v0.981 provides access to latin accents and many other characters in Unicode lower plane
*** Reloading Xunicode for encoding 'TU' ***
) (/Users/xiangyun/Library/TinyTeX/texmf-dist/tex/xelatex/xecjk/xunicode-extra.def
File: xunicode-extra.def 2022/08/05 v3.9.1 extra definition for xunicode
) (./slide.aux)
\openout1 = `slide.aux'.

LaTeX Font Info:    Checking defaults for OML/cmm/m/it on input line 49.
LaTeX Font Info:    ... okay on input line 49.
LaTeX Font Info:    Checking defaults for OMS/cmsy/m/n on input line 49.
LaTeX Font Info:    ... okay on input line 49.
LaTeX Font Info:    Checking defaults for OT1/cmr/m/n on input line 49.
LaTeX Font Info:    ... okay on input line 49.
LaTeX Font Info:    Checking defaults for T1/cmr/m/n on input line 49.
LaTeX Font Info:    ... okay on input line 49.
LaTeX Font Info:    Checking defaults for TS1/cmr/m/n on input line 49.
LaTeX Font Info:    Trying to load font information for TS1+cmr on input line 49.
(/Users/xiangyun/Library/TinyTeX/texmf-dist/tex/latex/base/ts1cmr.fd
File: ts1cmr.fd 2023/04/13 v2.5m Standard LaTeX font definitions
)
LaTeX Font Info:    ... okay on input line 49.
LaTeX Font Info:    Checking defaults for TU/lmr/m/n on input line 49.
LaTeX Font Info:    ... okay on input line 49.
LaTeX Font Info:    Checking defaults for OMX/cmex/m/n on input line 49.
LaTeX Font Info:    ... okay on input line 49.
LaTeX Font Info:    Checking defaults for U/cmr/m/n on input line 49.
LaTeX Font Info:    ... okay on input line 49.
LaTeX Font Info:    Checking defaults for PD1/pdf/m/n on input line 49.
LaTeX Font Info:    ... okay on input line 49.
LaTeX Font Info:    Checking defaults for PU/pdf/m/n on input line 49.
LaTeX Font Info:    ... okay on input line 49.
LaTeX Font Info:    Checking defaults for T3/cmr/m/n on input line 49.
LaTeX Font Info:    Trying to load font information for T3+cmr on input line 49.
(/Users/xiangyun/Library/TinyTeX/texmf-dist/tex/latex/tipa/t3cmr.fd
File: t3cmr.fd 2001/12/31 TIPA font definitions
)
LaTeX Font Info:    ... okay on input line 49.
*geometry* driver: auto-detecting
*geometry* detected driver: xetex
*geometry* verbose mode - [ preamble ] result:
* driver: xetex
* paper: custom
* layout: <same size as paper>
* layoutoffset:(h,v)=(0.0pt,0.0pt)
* modes: includehead includefoot 
* h-part:(L,W,R)=(23.67358pt, 316.84819pt, 23.67358pt)
* v-part:(T,H,B)=(0.0pt, 273.14662pt, 0.0pt)
* \paperwidth=364.19536pt
* \paperheight=273.14662pt
* \textwidth=316.84819pt
* \textheight=244.6939pt
* \oddsidemargin=-48.5964pt
* \evensidemargin=-48.5964pt
* \topmargin=-72.26999pt
* \headheight=14.22636pt
* \headsep=0.0pt
* \topskip=11.0pt
* \footskip=14.22636pt
* \marginparwidth=4.0pt
* \marginparsep=10.0pt
* \columnsep=10.0pt
* \skip\footins=10.0pt plus 4.0pt minus 2.0pt
* \hoffset=0.0pt
* \voffset=0.0pt
* \mag=1000
* \@twocolumnfalse
* \@twosidefalse
* \@mparswitchfalse
* \@reversemarginfalse
* (1in=72.27pt=25.4mm, 1cm=28.453pt)

Package hyperref Info: Link coloring ON on input line 49.
(./slide.out) (./slide.out)
\@outlinefile=\write5
\openout5 = `slide.out'.

LaTeX Font Info:    Overwriting symbol font `operators' in version `normal'
(Font)                  OT1/cmr/m/n --> OT1/cmss/m/n on input line 49.
LaTeX Font Info:    Overwriting symbol font `operators' in version `bold'
(Font)                  OT1/cmr/bx/n --> OT1/cmss/b/n on input line 49.
\symnumbers=\mathgroup6
\sympureletters=\mathgroup7
LaTeX Font Info:    Overwriting math alphabet `\mathrm' in version `normal'
(Font)                  OT1/cmss/m/n --> TU/lmr/m/n on input line 49.
LaTeX Font Info:    Redeclaring math alphabet \mathbf on input line 49.
LaTeX Font Info:    Overwriting math alphabet `\mathbf' in version `normal'
(Font)                  OT1/cmr/bx/n --> TU/lmss/b/n on input line 49.
LaTeX Font Info:    Overwriting math alphabet `\mathbf' in version `bold'
(Font)                  OT1/cmr/bx/n --> TU/lmss/b/n on input line 49.
LaTeX Font Info:    Redeclaring math alphabet \mathsf on input line 49.
LaTeX Font Info:    Overwriting math alphabet `\mathsf' in version `normal'
(Font)                  OT1/cmss/m/n --> TU/lmss/m/n on input line 49.
LaTeX Font Info:    Overwriting math alphabet `\mathsf' in version `bold'
(Font)                  OT1/cmss/bx/n --> TU/lmss/m/n on input line 49.
LaTeX Font Info:    Redeclaring math alphabet \mathit on input line 49.
LaTeX Font Info:    Overwriting math alphabet `\mathit' in version `normal'
(Font)                  OT1/cmr/m/it --> TU/lmss/m/it on input line 49.
LaTeX Font Info:    Overwriting math alphabet `\mathit' in version `bold'
(Font)                  OT1/cmr/bx/it --> TU/lmss/m/it on input line 49.
LaTeX Font Info:    Redeclaring math alphabet \mathtt on input line 49.
LaTeX Font Info:    Overwriting math alphabet `\mathtt' in version `normal'
(Font)                  OT1/cmtt/m/n --> TU/lmtt/m/n on input line 49.
LaTeX Font Info:    Overwriting math alphabet `\mathtt' in version `bold'
(Font)                  OT1/cmtt/m/n --> TU/lmtt/m/n on input line 49.
LaTeX Font Info:    Overwriting symbol font `numbers' in version `bold'
(Font)                  TU/lmss/m/n --> TU/lmss/b/n on input line 49.
LaTeX Font Info:    Overwriting symbol font `pureletters' in version `bold'
(Font)                  TU/lmss/m/it --> TU/lmss/b/it on input line 49.
LaTeX Font Info:    Overwriting math alphabet `\mathrm' in version `bold'
(Font)                  OT1/cmss/b/n --> TU/lmr/b/n on input line 49.
LaTeX Font Info:    Overwriting math alphabet `\mathbf' in version `bold'
(Font)                  TU/lmss/b/n --> TU/lmss/b/n on input line 49.
LaTeX Font Info:    Overwriting math alphabet `\mathsf' in version `bold'
(Font)                  TU/lmss/m/n --> TU/lmss/b/n on input line 49.
LaTeX Font Info:    Overwriting math alphabet `\mathit' in version `bold'
(Font)                  TU/lmss/m/it --> TU/lmss/b/it on input line 49.
LaTeX Font Info:    Overwriting math alphabet `\mathtt' in version `bold'
(Font)                  TU/lmtt/m/n --> TU/lmtt/b/n on input line 49.
(/Users/xiangyun/Library/TinyTeX/texmf-dist/tex/latex/translator/translator-basic-dictionary-English.dict
Dictionary: translator-basic-dictionary, Language: English 
) (/Users/xiangyun/Library/TinyTeX/texmf-dist/tex/latex/translator/translator-bibliography-dictionary-English.dict
Dictionary: translator-bibliography-dictionary, Language: English 
) (/Users/xiangyun/Library/TinyTeX/texmf-dist/tex/latex/translator/translator-environment-dictionary-English.dict
Dictionary: translator-environment-dictionary, Language: English 
) (/Users/xiangyun/Library/TinyTeX/texmf-dist/tex/latex/translator/translator-months-dictionary-English.dict
Dictionary: translator-months-dictionary, Language: English 
) (/Users/xiangyun/Library/TinyTeX/texmf-dist/tex/latex/translator/translator-numbers-dictionary-English.dict
Dictionary: translator-numbers-dictionary, Language: English 
) (/Users/xiangyun/Library/TinyTeX/texmf-dist/tex/latex/translator/translator-theorem-dictionary-English.dict
Dictionary: translator-theorem-dictionary, Language: English 
)

Package fontspec Info: Adjusting the maths setup (use [no-math] to avoid
(fontspec)             this).

\symlegacymaths=\mathgroup8
LaTeX Font Info:    Overwriting symbol font `legacymaths' in version `bold'
(Font)                  OT1/cmr/m/n --> OT1/cmr/bx/n on input line 49.
LaTeX Font Info:    Redeclaring math accent \acute on input line 49.
LaTeX Font Info:    Redeclaring math accent \grave on input line 49.
LaTeX Font Info:    Redeclaring math accent \ddot on input line 49.
LaTeX Font Info:    Redeclaring math accent \tilde on input line 49.
LaTeX Font Info:    Redeclaring math accent \bar on input line 49.
LaTeX Font Info:    Redeclaring math accent \breve on input line 49.
LaTeX Font Info:    Redeclaring math accent \check on input line 49.
LaTeX Font Info:    Redeclaring math accent \hat on input line 49.
LaTeX Font Info:    Redeclaring math accent \dot on input line 49.
LaTeX Font Info:    Redeclaring math accent \mathring on input line 49.
LaTeX Font Info:    Redeclaring math symbol \Gamma on input line 49.
LaTeX Font Info:    Redeclaring math symbol \Delta on input line 49.
LaTeX Font Info:    Redeclaring math symbol \Theta on input line 49.
LaTeX Font Info:    Redeclaring math symbol \Lambda on input line 49.
LaTeX Font Info:    Redeclaring math symbol \Xi on input line 49.
LaTeX Font Info:    Redeclaring math symbol \Pi on input line 49.
LaTeX Font Info:    Redeclaring math symbol \Sigma on input line 49.
LaTeX Font Info:    Redeclaring math symbol \Upsilon on input line 49.
LaTeX Font Info:    Redeclaring math symbol \Phi on input line 49.
LaTeX Font Info:    Redeclaring math symbol \Psi on input line 49.
LaTeX Font Info:    Redeclaring math symbol \Omega on input line 49.
LaTeX Font Info:    Redeclaring math symbol \mathdollar on input line 49.
LaTeX Font Info:    Redeclaring symbol font `operators' on input line 49.
LaTeX Font Info:    Encoding `OT1' has changed to `TU' for symbol font
(Font)              `operators' in the math version `normal' on input line 49.
LaTeX Font Info:    Overwriting symbol font `operators' in version `normal'
(Font)                  OT1/cmss/m/n --> TU/lmr/m/n on input line 49.
LaTeX Font Info:    Encoding `OT1' has changed to `TU' for symbol font
(Font)              `operators' in the math version `bold' on input line 49.
LaTeX Font Info:    Overwriting symbol font `operators' in version `bold'
(Font)                  OT1/cmss/b/n --> TU/lmr/m/n on input line 49.
LaTeX Font Info:    Overwriting symbol font `operators' in version `normal'
(Font)                  TU/lmr/m/n --> TU/lmr/m/n on input line 49.
LaTeX Font Info:    Redeclaring math alphabet \mathrm on input line 49.
LaTeX Font Info:    Overwriting math alphabet `\mathit' in version `normal'
(Font)                  TU/lmss/m/it --> TU/lmr/m/it on input line 49.
LaTeX Font Info:    Overwriting math alphabet `\mathbf' in version `normal'
(Font)                  TU/lmss/b/n --> TU/lmr/b/n on input line 49.
LaTeX Font Info:    Overwriting math alphabet `\mathsf' in version `normal'
(Font)                  TU/lmss/m/n --> TU/lmss/m/n on input line 49.
LaTeX Font Info:    Overwriting math alphabet `\mathtt' in version `normal'
(Font)                  TU/lmtt/m/n --> TU/lmtt/m/n on input line 49.
LaTeX Font Info:    Overwriting symbol font `operators' in version `bold'
(Font)                  TU/lmr/m/n --> TU/lmr/b/n on input line 49.
LaTeX Font Info:    Overwriting math alphabet `\mathit' in version `bold'
(Font)                  TU/lmss/b/it --> TU/lmr/b/it on input line 49.
LaTeX Font Info:    Overwriting math alphabet `\mathsf' in version `bold'
(Font)                  TU/lmss/b/n --> TU/lmss/b/n on input line 49.
LaTeX Font Info:    Overwriting math alphabet `\mathtt' in version `bold'
(Font)                  TU/lmtt/b/n --> TU/lmtt/b/n on input line 49.
The property list \__xpg_alias contains the pairs (without outer braces):
>  {latex/target}  =>  {latex}
>  {english/target}  =>  {english}
>  {en/target}  =>  {english}
>  {en-AU/target}  =>  {english}
>  {en-AU/variant}  =>  {australian}
>  {en-AU/options}  =>  {variant=australian}
>  {en-CA/target}  =>  {english}
>  {en-CA/variant}  =>  {canadian}
>  {en-CA/options}  =>  {variant=canadian}
>  {en-GB/target}  =>  {english}
>  {en-GB/variant}  =>  {british}
>  {en-GB/options}  =>  {variant=british}
>  {en-NZ/target}  =>  {english}
>  {en-NZ/variant}  =>  {newzealand}
>  {en-NZ/options}  =>  {variant=newzealand}
>  {en-US/target}  =>  {english}
>  {en-US/variant}  =>  {us}
>  {en-US/options}  =>  {variant=us}
>  {american/target}  =>  {english}
>  {american/variant}  =>  {us}
>  {american/options}  =>  {variant=us}
>  {australian/target}  =>  {english}
>  {australian/variant}  =>  {australian}
>  {australian/options}  =>  {variant=australian}
>  {british/target}  =>  {english}
>  {british/variant}  =>  {british}
>  {british/options}  =>  {variant=british}
>  {canadian/target}  =>  {english}
>  {canadian/variant}  =>  {canadian}
>  {canadian/options}  =>  {variant=canadian}
>  {newzealand/target}  =>  {english}
>  {newzealand/variant}  =>  {newzealand}
>  {newzealand/options}  =>  {variant=newzealand}.
Package polyglossia Info: Option: english variant=british.
Package polyglossia Info: Option: english variant=british.
LaTeX Info: Redefining \rmfamily on input line 49.
LaTeX Info: Redefining \sffamily on input line 49.
LaTeX Info: Redefining \ttfamily on input line 49.
Package polyglossia Info: Option: english variant=british.
Package polyglossia Info: Option: english variant=british.
(./slide.nav)

LaTeX Font Warning: Font shape `TU/lmss/m/sc' in size <12> not available
(Font)              Font shape `TU/lmr/m/sc' tried instead on input line 50.


LaTeX Font Warning: Font shape `TU/NotoSansCJKSC(0)/m/sc' undefined
(Font)              using `TU/NotoSansCJKSC(0)/m/n' instead on input line 50.

File: figures/logo.pdf Graphic file (type pdf)
<use figures/logo.pdf>
LaTeX Font Info:    Trying to load font information for U+msa on input line 50.
(/Users/xiangyun/Library/TinyTeX/texmf-dist/tex/latex/amsfonts/umsa.fd
File: umsa.fd 2013/01/14 v3.01 AMS symbols A
)
LaTeX Font Info:    Trying to load font information for U+msb on input line 50.
(/Users/xiangyun/Library/TinyTeX/texmf-dist/tex/latex/amsfonts/umsb.fd
File: umsb.fd 2013/01/14 v3.01 AMS symbols B
)
LaTeX Font Info:    Font shape `TU/lmss/m/it' in size <8> not available
(Font)              Font shape `TU/lmss/m/sl' tried instead on input line 50.
LaTeX Font Info:    Font shape `TU/lmss/m/it' in size <6> not available
(Font)              Font shape `TU/lmss/m/sl' tried instead on input line 50.

LaTeX Font Warning: Font shape `TU/NotoSansCJKSC(0)/m/it' undefined
(Font)              using `TU/NotoSansCJKSC(0)/m/n' instead on input line 50.

[1

]
Overfull \hbox (338.29222pt too wide) has occurred while \output is active
[] []
 []

[2

]
File: figures/demo01.pdf Graphic file (type pdf)
<use figures/demo01.pdf>

Overfull \hbox (338.29222pt too wide) has occurred while \output is active
[] []
 []

[3

]
File: figures/demo010.pdf Graphic file (type pdf)
<use figures/demo010.pdf>

Overfull \hbox (338.29222pt too wide) has occurred while \output is active
[] []
 []

[4

]
File: figures/demo011.pdf Graphic file (type pdf)
<use figures/demo011.pdf>

Overfull \vbox (26.51154pt too high) detected at line 86
 []


Overfull \hbox (338.29222pt too wide) has occurred while \output is active
[] []
 []

[5

]
File: figures/demo03.pdf Graphic file (type pdf)
<use figures/demo03.pdf>

Overfull \hbox (338.29222pt too wide) has occurred while \output is active
[] []
 []

[6

]
LaTeX Font Info:    Font shape `TU/lmss/m/it' in size <5> not available
(Font)              Font shape `TU/lmss/m/sl' tried instead on input line 121.

Package fontspec Warning: Font "Kaiti SC" does not contain requested Script
(fontspec)                "CJK".


Package fontspec Info: Could not resolve font "Kaiti SC/BI" (it probably
(fontspec)             doesn't exist).


Package fontspec Info: Could not resolve font "Kaiti SC/B" (it probably
(fontspec)             doesn't exist).


Package fontspec Info: Could not resolve font "Kaiti SC/I" (it probably
(fontspec)             doesn't exist).

LaTeX Font Info:    Font shape `TU/lmtt/bx/n' in size <10.95> not available
(Font)              Font shape `TU/lmtt/b/n' tried instead on input line 121.

Package fontspec Info: Font family 'KaitiSC(0)' created for font 'Kaiti SC'
(fontspec)             with options
(fontspec)             [Mapping=tex-text,Script={CJK},Scale={0.9}].
(fontspec)              
(fontspec)              This font family consists of the following NFSS
(fontspec)             series/shapes:
(fontspec)              
(fontspec)             - 'normal' (m/n) with NFSS spec.: <->s*[0.9]"Kaiti
(fontspec)             SC/OT:language=dflt;mapping=tex-text;"
(fontspec)             - 'small caps'  (m/sc) with NFSS spec.: 

LaTeX Font Info:    Font shape `TU/lmtt/bx/n' in size <8> not available
(Font)              Font shape `TU/lmtt/b/n' tried instead on input line 121.

Overfull \hbox (338.29222pt too wide) has occurred while \output is active
[] []
 []

[7

]
Overfull \hbox (338.29222pt too wide) has occurred while \output is active
[] []
 []

[8


] (./slide.bbl)
Overfull \hbox (338.29222pt too wide) has occurred while \output is active
[] []
 []

[9

]
Overfull \hbox (338.29222pt too wide) has occurred while \output is active
[] []
 []

[10


]
Overfull \hbox (338.29222pt too wide) has occurred while \output is active
[] []
 []

[11


]
\tf@nav=\write6
\openout6 = `slide.nav'.

\tf@toc=\write7
\openout7 = `slide.toc'.

\tf@snm=\write8
\openout8 = `slide.snm'.

The property list \polyglossia@langsetup contains the pairs (without outer
braces):
>  {latex/script}  =>  {latin}
>  {latex/lcscript}  =>  {latin}
>  {latex/scripttag}  =>  {}
>  {latex/language}  =>  {Latex}
>  {latex/langtag}  =>  {ENG}
>  {latex/bcp47}  =>  {en-US}
>  {latex/bcp47-language}  =>  {en}
>  {latex/bcp47-region}  =>  {US}
>  {latex/bcp47-script}  =>  {Latn}
>  {latex/bcp47-variant}  =>  {}
>  {latex/bcp47-extension-t}  =>  {}
>  {latex/bcp47-extension-u}  =>  {}
>  {latex/bcp47-extension-x}  =>  {}
>  {latex/bcp47-casing}  =>  {}
>  {latex/hyphennames}  =>  {english}
>  {latex/direction}  =>  {LR}
>  {latex/hyphenmins}  =>  {2,3}
>  {latex/frenchspacing}  =>  {false}
>  {latex/indentfirst}  =>  {false}
>  {latex/fontsetup}  =>  {true}
>  {latex/envname}  =>  {latex}
>  {latex/babelname}  =>  {latex}
>  {latex/localnumeral}  =>  {polyglossia@C@localnumeral}
>  {latex/Localnumeral}  =>  {polyglossia@C@localnumeral}
>  {latex/DefineCommandsCmd}  =>  {use_none:n}
>  {english/script}  =>  {latin}
>  {english/lcscript}  =>  {latin}
>  {english/scripttag}  =>  {}
>  {english/language}  =>  {English}
>  {english/langtag}  =>  {ENG}
>  {english/bcp47}  =>  {en-GB}
>  {english/bcp47-language}  =>  {en}
>  {english/bcp47-region}  =>  {GB}
>  {english/bcp47-script}  =>  {Latn}
>  {english/bcp47-variant}  =>  {}
>  {english/bcp47-extension-t}  =>  {}
>  {english/bcp47-extension-u}  =>  {}
>  {english/bcp47-extension-x}  =>  {}
>  {english/bcp47-casing}  =>  {}
>  {english/hyphennames}  =>  {english,american,usenglish,USenglish}
>  {english/direction}  =>  {LR}
>  {english/hyphenmins}  =>  {2,3}
>  {english/frenchspacing}  =>  {false}
>  {english/indentfirst}  =>  {false}
>  {english/fontsetup}  =>  {true}
>  {english/envname}  =>  {english}
>  {english/babelname}  =>  {british}
>  {english/localnumeral}  =>  {polyglossia@C@localnumeral}
>  {english/Localnumeral}  =>  {polyglossia@C@localnumeral}
>  {english/DefineCommandsCmd}  =>  {xpg_define_language_commands:e}.
The property list \__xpg_alias contains the pairs (without outer braces):
>  {latex/target}  =>  {latex}
>  {english/target}  =>  {english}
>  {en/target}  =>  {english}
>  {en-AU/target}  =>  {english}
>  {en-AU/variant}  =>  {australian}
>  {en-AU/options}  =>  {variant=australian}
>  {en-CA/target}  =>  {english}
>  {en-CA/variant}  =>  {canadian}
>  {en-CA/options}  =>  {variant=canadian}
>  {en-GB/target}  =>  {english}
>  {en-GB/variant}  =>  {british}
>  {en-GB/options}  =>  {variant=british}
>  {en-NZ/target}  =>  {english}
>  {en-NZ/variant}  =>  {newzealand}
>  {en-NZ/options}  =>  {variant=newzealand}
>  {en-US/target}  =>  {english}
>  {en-US/variant}  =>  {us}
>  {en-US/options}  =>  {variant=us}
>  {american/target}  =>  {english}
>  {american/variant}  =>  {us}
>  {american/options}  =>  {variant=us}
>  {australian/target}  =>  {english}
>  {australian/variant}  =>  {australian}
>  {australian/options}  =>  {variant=australian}
>  {british/target}  =>  {english}
>  {british/variant}  =>  {british}
>  {british/options}  =>  {variant=british}
>  {canadian/target}  =>  {english}
>  {canadian/variant}  =>  {canadian}
>  {canadian/options}  =>  {variant=canadian}
>  {newzealand/target}  =>  {english}
>  {newzealand/variant}  =>  {newzealand}
>  {newzealand/options}  =>  {variant=newzealand}.
(./slide.aux)
 ***********
LaTeX2e <2023-06-01> patch level 1
L3 programming layer <2022/08/05>
 ***********

LaTeX Font Warning: Some font shapes were not available, defaults substituted.

Package rerunfilecheck Info: File `slide.out' has not changed.
(rerunfilecheck)             Checksum: 27CDD0BE7DAB2876503F04B276B8A4A6;224.
 ) 
Here is how much of TeX's memory you used:
 35466 strings out of 477524
 755068 string characters out of 5815199
 1928438 words of memory out of 7999999
 56015 multiletter control sequences out of 15000+600000
 565322 words of font info for 106 fonts, out of 8000000 for 9000
 36 hyphenation exceptions out of 8191
 101i,18n,115p,504b,913s stack positions out of 10000i,1000n,20000p,200000b,7999999s

Output written on slide.pdf (11 pages).
